2025-06-27 00:27:41,544 - gestor_eventos - INFO - Sistema de logging iniciado
2025-06-27 00:27:41,712 - gestor_eventos - INFO - Cargando eventos desde: C:\Users\Juan Diego\Documents\GitHub\Miniproyecto-Grupo-N-1\src\eventos.json
2025-06-27 00:27:41,712 - gestor_eventos - INFO - 3 eventos cargados exitosamente.
2025-06-27 00:27:41,733 - gestor_eventos - INFO - Cargando eventos desde: C:\Users\Juan Diego\Documents\GitHub\Miniproyecto-Grupo-N-1\src\eventos.json
2025-06-27 00:27:41,734 - gestor_eventos - INFO - 3 eventos cargados exitosamente.
2025-06-27 00:27:41,753 - gestor_eventos - INFO - Cargando eventos desde: C:\Users\Juan Diego\Documents\GitHub\Miniproyecto-Grupo-N-1\src\eventos.json
2025-06-27 00:27:41,755 - gestor_eventos - INFO - 3 eventos cargados exitosamente.
2025-06-27 00:27:42,036 - gestor_eventos - INFO - Cargando eventos desde: C:\Users\Juan Diego\Documents\GitHub\Miniproyecto-Grupo-N-1\src\eventos.json
2025-06-27 00:27:42,036 - gestor_eventos - INFO - 3 eventos cargados exitosamente.
2025-06-27 00:28:09,479 - gestor_eventos - INFO - Sistema de logging iniciado
2025-06-27 00:28:09,480 - gestor_eventos - INFO - Cargando eventos desde: C:\Users\Juan Diego\Documents\GitHub\Miniproyecto-Grupo-N-1\src\eventos.json
2025-06-27 00:28:09,481 - gestor_eventos - INFO - 3 eventos cargados exitosamente.
2025-06-27 00:29:41,357 - gestor_eventos - INFO - Sistema de logging iniciado
2025-06-27 00:29:41,360 - gestor_eventos - INFO - Cargando eventos desde: C:\Users\Juan Diego\Documents\GitHub\Miniproyecto-Grupo-N-1\src\eventos.json
2025-06-27 00:29:41,360 - gestor_eventos - INFO - 3 eventos cargados exitosamente.
2025-06-27 00:29:41,361 - gestor_eventos - INFO - Cargando eventos desde: C:\Users\Juan Diego\Documents\GitHub\Miniproyecto-Grupo-N-1\src\eventos.json
2025-06-27 00:29:41,362 - gestor_eventos - INFO - 3 eventos cargados exitosamente.
2025-06-27 00:29:41,363 - gestor_eventos - INFO - Cargando eventos desde: C:\Users\Juan Diego\Documents\GitHub\Miniproyecto-Grupo-N-1\src\eventos.json
2025-06-27 00:29:41,363 - gestor_eventos - INFO - 3 eventos cargados exitosamente.
2025-06-27 00:29:41,363 - gestor_eventos - INFO - Cargando eventos desde: C:\Users\Juan Diego\Documents\GitHub\Miniproyecto-Grupo-N-1\src\eventos.json
2025-06-27 00:29:41,364 - gestor_eventos - INFO - 3 eventos cargados exitosamente.
2025-06-27 00:30:35,017 - gestor_eventos - INFO - Sistema de logging iniciado
2025-06-27 00:30:35,024 - gestor_eventos - INFO - Cargando eventos desde: C:\Users\Juan Diego\Documents\GitHub\Miniproyecto-Grupo-N-1\src\eventos.json
2025-06-27 00:30:35,024 - gestor_eventos - INFO - 3 eventos cargados exitosamente.
2025-06-27 00:30:35,029 - gestor_eventos - INFO - Cargando eventos desde: C:\Users\Juan Diego\Documents\GitHub\Miniproyecto-Grupo-N-1\src\eventos.json
2025-06-27 00:30:35,030 - gestor_eventos - INFO - 3 eventos cargados exitosamente.
2025-06-27 00:30:35,034 - gestor_eventos - INFO - Cargando eventos desde: C:\Users\Juan Diego\Documents\GitHub\Miniproyecto-Grupo-N-1\src\eventos.json
2025-06-27 00:30:35,034 - gestor_eventos - INFO - 3 eventos cargados exitosamente.
2025-06-27 00:30:35,035 - gestor_eventos - INFO - Cargando eventos desde: C:\Users\Juan Diego\Documents\GitHub\Miniproyecto-Grupo-N-1\src\eventos.json
2025-06-27 00:30:35,035 - gestor_eventos - INFO - 3 eventos cargados exitosamente.
2025-06-27 00:31:44,400 - gestor_eventos - INFO - Sistema de logging iniciado
2025-06-27 00:31:44,402 - gestor_eventos - INFO - Cargando eventos desde: C:\Users\Juan Diego\Documents\GitHub\Miniproyecto-Grupo-N-1\src\eventos.json
2025-06-27 00:31:44,403 - gestor_eventos - INFO - 3 eventos cargados exitosamente.
2025-06-27 00:31:44,403 - gestor_eventos - INFO - Cargando eventos desde: C:\Users\Juan Diego\Documents\GitHub\Miniproyecto-Grupo-N-1\src\eventos.json
2025-06-27 00:31:44,404 - gestor_eventos - INFO - 3 eventos cargados exitosamente.
2025-06-27 00:31:44,404 - gestor_eventos - INFO - Cargando eventos desde: C:\Users\Juan Diego\Documents\GitHub\Miniproyecto-Grupo-N-1\src\eventos.json
2025-06-27 00:31:44,405 - gestor_eventos - INFO - 3 eventos cargados exitosamente.
2025-06-27 00:31:44,405 - gestor_eventos - INFO - Cargando eventos desde: C:\Users\Juan Diego\Documents\GitHub\Miniproyecto-Grupo-N-1\src\eventos.json
2025-06-27 00:31:44,405 - gestor_eventos - INFO - 3 eventos cargados exitosamente.
2025-06-27 00:32:03,380 - gestor_eventos - INFO - Sistema de logging iniciado
2025-06-27 00:32:03,381 - gestor_eventos - INFO - Cargando eventos desde: C:\Users\Juan Diego\Documents\GitHub\Miniproyecto-Grupo-N-1\src\eventos.json
2025-06-27 00:32:03,381 - gestor_eventos - INFO - 3 eventos cargados exitosamente.
2025-06-27 00:32:03,382 - gestor_eventos - INFO - Cargando eventos desde: C:\Users\Juan Diego\Documents\GitHub\Miniproyecto-Grupo-N-1\src\eventos.json
2025-06-27 00:32:03,383 - gestor_eventos - INFO - 3 eventos cargados exitosamente.
2025-06-27 00:32:03,383 - gestor_eventos - INFO - Cargando eventos desde: C:\Users\Juan Diego\Documents\GitHub\Miniproyecto-Grupo-N-1\src\eventos.json
2025-06-27 00:32:03,384 - gestor_eventos - INFO - 3 eventos cargados exitosamente.
2025-06-27 00:32:03,384 - gestor_eventos - INFO - Cargando eventos desde: C:\Users\Juan Diego\Documents\GitHub\Miniproyecto-Grupo-N-1\src\eventos.json
2025-06-27 00:32:03,385 - gestor_eventos - INFO - 3 eventos cargados exitosamente.
2025-06-27 00:32:33,096 - gestor_eventos - INFO - Sistema de logging iniciado
2025-06-27 00:32:33,099 - gestor_eventos - INFO - Cargando eventos desde: C:\Users\Juan Diego\Documents\GitHub\Miniproyecto-Grupo-N-1\src\eventos.json
2025-06-27 00:32:33,099 - gestor_eventos - INFO - 3 eventos cargados exitosamente.
2025-06-27 00:32:33,100 - gestor_eventos - INFO - Cargando eventos desde: C:\Users\Juan Diego\Documents\GitHub\Miniproyecto-Grupo-N-1\src\eventos.json
2025-06-27 00:32:33,101 - gestor_eventos - INFO - 3 eventos cargados exitosamente.
2025-06-27 00:32:33,102 - gestor_eventos - INFO - Cargando eventos desde: C:\Users\Juan Diego\Documents\GitHub\Miniproyecto-Grupo-N-1\src\eventos.json
2025-06-27 00:32:33,102 - gestor_eventos - INFO - 3 eventos cargados exitosamente.
2025-06-27 00:32:33,103 - gestor_eventos - INFO - Cargando eventos desde: C:\Users\Juan Diego\Documents\GitHub\Miniproyecto-Grupo-N-1\src\eventos.json
2025-06-27 00:32:33,104 - gestor_eventos - INFO - 3 eventos cargados exitosamente.
2025-06-27 00:33:43,914 - gestor_eventos - INFO - Sistema de logging iniciado
2025-06-27 00:33:43,917 - gestor_eventos - INFO - Cargando eventos desde: C:\Users\Juan Diego\Documents\GitHub\Miniproyecto-Grupo-N-1\src\eventos.json
2025-06-27 00:33:43,918 - gestor_eventos - INFO - 3 eventos cargados exitosamente.
2025-06-27 00:33:43,919 - gestor_eventos - INFO - Cargando eventos desde: C:\Users\Juan Diego\Documents\GitHub\Miniproyecto-Grupo-N-1\src\eventos.json
2025-06-27 00:33:43,920 - gestor_eventos - INFO - 3 eventos cargados exitosamente.
2025-06-27 00:33:43,921 - gestor_eventos - INFO - Cargando eventos desde: C:\Users\Juan Diego\Documents\GitHub\Miniproyecto-Grupo-N-1\src\eventos.json
2025-06-27 00:33:43,922 - gestor_eventos - INFO - 3 eventos cargados exitosamente.
2025-06-27 00:33:43,923 - gestor_eventos - INFO - Cargando eventos desde: C:\Users\Juan Diego\Documents\GitHub\Miniproyecto-Grupo-N-1\src\eventos.json
2025-06-27 00:33:43,923 - gestor_eventos - INFO - 3 eventos cargados exitosamente.
2025-06-27 00:34:20,976 - gestor_eventos - INFO - Sistema de logging iniciado
2025-06-27 00:34:20,979 - gestor_eventos - INFO - Cargando eventos desde: C:\Users\Juan Diego\Documents\GitHub\Miniproyecto-Grupo-N-1\src\eventos.json
2025-06-27 00:34:20,980 - gestor_eventos - INFO - 3 eventos cargados exitosamente.
2025-06-27 00:34:20,982 - gestor_eventos - INFO - Cargando eventos desde: C:\Users\Juan Diego\Documents\GitHub\Miniproyecto-Grupo-N-1\src\eventos.json
2025-06-27 00:34:20,982 - gestor_eventos - INFO - 3 eventos cargados exitosamente.
2025-06-27 00:34:20,984 - gestor_eventos - INFO - Cargando eventos desde: C:\Users\Juan Diego\Documents\GitHub\Miniproyecto-Grupo-N-1\src\eventos.json
2025-06-27 00:34:20,985 - gestor_eventos - INFO - 3 eventos cargados exitosamente.
2025-06-27 00:34:20,987 - gestor_eventos - INFO - Cargando eventos desde: C:\Users\Juan Diego\Documents\GitHub\Miniproyecto-Grupo-N-1\src\eventos.json
2025-06-27 00:34:20,987 - gestor_eventos - INFO - 3 eventos cargados exitosamente.
2025-06-27 00:34:34,485 - gestor_eventos - INFO - Sistema de logging iniciado
2025-06-27 00:34:34,487 - gestor_eventos - INFO - Cargando eventos desde: C:\Users\Juan Diego\Documents\GitHub\Miniproyecto-Grupo-N-1\src\eventos.json
2025-06-27 00:34:34,488 - gestor_eventos - INFO - 3 eventos cargados exitosamente.
2025-06-27 00:34:34,489 - gestor_eventos - INFO - Cargando eventos desde: C:\Users\Juan Diego\Documents\GitHub\Miniproyecto-Grupo-N-1\src\eventos.json
2025-06-27 00:34:34,489 - gestor_eventos - INFO - 3 eventos cargados exitosamente.
2025-06-27 00:34:34,490 - gestor_eventos - INFO - Cargando eventos desde: C:\Users\Juan Diego\Documents\GitHub\Miniproyecto-Grupo-N-1\src\eventos.json
2025-06-27 00:34:34,491 - gestor_eventos - INFO - 3 eventos cargados exitosamente.
2025-06-27 00:34:34,491 - gestor_eventos - INFO - Cargando eventos desde: C:\Users\Juan Diego\Documents\GitHub\Miniproyecto-Grupo-N-1\src\eventos.json
2025-06-27 00:34:34,492 - gestor_eventos - INFO - 3 eventos cargados exitosamente.
2025-06-27 00:43:24,380 - gestor_eventos - INFO - Sistema de logging iniciado
2025-06-27 00:43:24,386 - gestor_eventos - INFO - Cargando eventos desde: C:\Users\Juan Diego\Documents\GitHub\Miniproyecto-Grupo-N-1\src\eventos.json
2025-06-27 00:43:24,387 - gestor_eventos - INFO - 3 eventos cargados exitosamente.
2025-06-27 00:43:24,388 - gestor_eventos - INFO - Cargando eventos desde: C:\Users\Juan Diego\Documents\GitHub\Miniproyecto-Grupo-N-1\src\eventos.json
2025-06-27 00:43:24,389 - gestor_eventos - INFO - 3 eventos cargados exitosamente.
2025-06-27 00:43:24,390 - gestor_eventos - INFO - Cargando eventos desde: C:\Users\Juan Diego\Documents\GitHub\Miniproyecto-Grupo-N-1\src\eventos.json
2025-06-27 00:43:24,391 - gestor_eventos - INFO - 3 eventos cargados exitosamente.
2025-06-27 00:43:24,391 - gestor_eventos - INFO - Cargando eventos desde: C:\Users\Juan Diego\Documents\GitHub\Miniproyecto-Grupo-N-1\src\eventos.json
2025-06-27 00:43:24,391 - gestor_eventos - INFO - 3 eventos cargados exitosamente.
2025-06-27 00:44:53,139 - gestor_eventos - INFO - Sistema de logging iniciado
2025-06-27 00:44:53,141 - gestor_eventos - INFO - Cargando eventos desde: C:\Users\Juan Diego\Documents\GitHub\Miniproyecto-Grupo-N-1\src\eventos.json
2025-06-27 00:44:53,142 - gestor_eventos - INFO - 3 eventos cargados exitosamente.
2025-06-27 00:44:53,143 - gestor_eventos - INFO - Cargando eventos desde: C:\Users\Juan Diego\Documents\GitHub\Miniproyecto-Grupo-N-1\src\eventos.json
2025-06-27 00:44:53,143 - gestor_eventos - INFO - 3 eventos cargados exitosamente.
2025-06-27 00:44:53,145 - gestor_eventos - INFO - Cargando eventos desde: C:\Users\Juan Diego\Documents\GitHub\Miniproyecto-Grupo-N-1\src\eventos.json
2025-06-27 00:44:53,145 - gestor_eventos - INFO - 3 eventos cargados exitosamente.
2025-06-27 00:44:53,146 - gestor_eventos - INFO - Cargando eventos desde: C:\Users\Juan Diego\Documents\GitHub\Miniproyecto-Grupo-N-1\src\eventos.json
2025-06-27 00:44:53,147 - gestor_eventos - INFO - 3 eventos cargados exitosamente.
2025-06-27 00:45:32,277 - gestor_eventos - INFO - Eventos guardados exitosamente en C:\Users\Juan Diego\Documents\GitHub\Miniproyecto-Grupo-N-1\src\eventos.json
2025-06-27 00:45:32,277 - gestor_eventos - INFO - Nuevo evento agregado: Aniversario - 27/06/2025
2025-06-27 00:45:32,278 - gestor_eventos - INFO - Evento creado exitosamente: Aniversario - 27/06/2025 14:00
2025-06-27 00:45:35,633 - gestor_eventos - INFO - Cargando eventos desde: C:\Users\Juan Diego\Documents\GitHub\Miniproyecto-Grupo-N-1\src\eventos.json
2025-06-27 00:45:35,652 - gestor_eventos - INFO - 4 eventos cargados exitosamente.
2025-06-27 00:45:41,294 - gestor_eventos - INFO - Cargando eventos desde: C:\Users\Juan Diego\Documents\GitHub\Miniproyecto-Grupo-N-1\src\eventos.json
2025-06-27 00:45:41,295 - gestor_eventos - INFO - 4 eventos cargados exitosamente.
2025-06-27 00:45:45,948 - gestor_eventos - INFO - Eventos guardados exitosamente en C:\Users\Juan Diego\Documents\GitHub\Miniproyecto-Grupo-N-1\src\eventos.json
2025-06-27 00:45:45,948 - gestor_eventos - INFO - Evento eliminado: Aniversario - 27/06/2025
2025-06-27 01:25:26,769 - gestor_eventos - INFO - Sistema de logging iniciado
2025-06-27 01:25:26,773 - gestor_eventos - INFO - Cargando eventos desde: C:\Users\Juan Diego\Documents\GitHub\Miniproyecto-Grupo-N-1\src\eventos.json
2025-06-27 01:25:26,773 - gestor_eventos - INFO - 3 eventos cargados exitosamente.
2025-06-27 01:25:26,774 - gestor_eventos - INFO - Cargando eventos desde: C:\Users\Juan Diego\Documents\GitHub\Miniproyecto-Grupo-N-1\src\eventos.json
2025-06-27 01:25:26,775 - gestor_eventos - INFO - 3 eventos cargados exitosamente.
2025-06-27 01:25:26,776 - gestor_eventos - INFO - Cargando eventos desde: C:\Users\Juan Diego\Documents\GitHub\Miniproyecto-Grupo-N-1\src\eventos.json
2025-06-27 01:25:26,777 - gestor_eventos - INFO - 3 eventos cargados exitosamente.
2025-06-27 01:25:26,778 - gestor_eventos - INFO - Cargando eventos desde: C:\Users\Juan Diego\Documents\GitHub\Miniproyecto-Grupo-N-1\src\eventos.json
2025-06-27 01:25:26,779 - gestor_eventos - INFO - 3 eventos cargados exitosamente.
2025-06-27 01:25:48,708 - gestor_eventos - INFO - Eventos guardados exitosamente en C:\Users\Juan Diego\Documents\GitHub\Miniproyecto-Grupo-N-1\src\eventos.json
2025-06-27 01:25:48,709 - gestor_eventos - INFO - Nuevo evento agregado: Boda - 27/06/2025
2025-06-27 01:25:48,709 - gestor_eventos - INFO - Evento creado exitosamente: Boda - 27/06/2025 14:00
2025-06-27 01:25:51,882 - gestor_eventos - INFO - Cargando eventos desde: C:\Users\Juan Diego\Documents\GitHub\Miniproyecto-Grupo-N-1\src\eventos.json
2025-06-27 01:25:51,892 - gestor_eventos - INFO - 4 eventos cargados exitosamente.
2025-06-27 01:26:04,519 - gestor_eventos - INFO - Cargando eventos desde: C:\Users\Juan Diego\Documents\GitHub\Miniproyecto-Grupo-N-1\src\eventos.json
2025-06-27 01:26:04,520 - gestor_eventos - INFO - 4 eventos cargados exitosamente.
